{"/Users/Lewis/code/personal/auto-leverage/app/api/classify/route.ts": {"path":"/Users/Lewis/code/personal/auto-leverage/app/api/classify/route.ts","statementMap":{"0":{"start":{"line":11,"column":25},"end":{"line":11,"column":null}},"1":{"start":{"line":14,"column":2},"end":{"line":14,"column":null}},"2":{"start":{"line":14,"column":21},"end":{"line":14,"column":null}},"3":{"start":{"line":15,"column":14},"end":{"line":15,"column":70}},"4":{"start":{"line":15,"column":39},"end":{"line":15,"column":69}},"5":{"start":{"line":16,"column":2},"end":{"line":16,"column":null}},"6":{"start":{"line":24,"column":20},"end":{"line":24,"column":null}},"7":{"start":{"line":25,"column":18},"end":{"line":25,"column":null}},"8":{"start":{"line":27,"column":2},"end":{"line":71,"column":null}},"9":{"start":{"line":27,"column":19},"end":{"line":27,"column":22}},"10":{"start":{"line":28,"column":17},"end":{"line":28,"column":37}},"11":{"start":{"line":29,"column":4},"end":{"line":30,"column":null}},"12":{"start":{"line":30,"column":6},"end":{"line":30,"column":null}},"13":{"start":{"line":33,"column":4},"end":{"line":34,"column":null}},"14":{"start":{"line":34,"column":6},"end":{"line":34,"column":null}},"15":{"start":{"line":37,"column":4},"end":{"line":38,"column":null}},"16":{"start":{"line":38,"column":6},"end":{"line":38,"column":null}},"17":{"start":{"line":41,"column":19},"end":{"line":41,"column":null}},"18":{"start":{"line":43,"column":4},"end":{"line":52,"column":null}},"19":{"start":{"line":45,"column":23},"end":{"line":45,"column":46}},"20":{"start":{"line":46,"column":6},"end":{"line":49,"column":null}},"21":{"start":{"line":47,"column":8},"end":{"line":49,"column":null}},"22":{"start":{"line":51,"column":6},"end":{"line":51,"column":null}},"23":{"start":{"line":52,"column":6},"end":{"line":52,"column":null}},"24":{"start":{"line":55,"column":20},"end":{"line":56,"column":null}},"25":{"start":{"line":56,"column":13},"end":{"line":56,"column":73}},"26":{"start":{"line":59,"column":4},"end":{"line":68,"column":null}},"27":{"start":{"line":61,"column":23},"end":{"line":61,"column":46}},"28":{"start":{"line":62,"column":6},"end":{"line":65,"column":null}},"29":{"start":{"line":63,"column":8},"end":{"line":65,"column":null}},"30":{"start":{"line":67,"column":6},"end":{"line":67,"column":null}},"31":{"start":{"line":68,"column":6},"end":{"line":68,"column":null}},"32":{"start":{"line":71,"column":4},"end":{"line":71,"column":null}},"33":{"start":{"line":74,"column":2},"end":{"line":76,"column":null}},"34":{"start":{"line":80,"column":2},"end":{"line":142,"column":null}},"35":{"start":{"line":81,"column":17},"end":{"line":81,"column":37}},"36":{"start":{"line":82,"column":44},"end":{"line":82,"column":63}},"37":{"start":{"line":84,"column":4},"end":{"line":88,"column":null}},"38":{"start":{"line":85,"column":6},"end":{"line":88,"column":null}},"39":{"start":{"line":91,"column":23},"end":{"line":91,"column":76}},"40":{"start":{"line":92,"column":16},"end":{"line":92,"column":51}},"41":{"start":{"line":93,"column":19},"end":{"line":93,"column":61}},"42":{"start":{"line":95,"column":20},"end":{"line":95,"column":63}},"43":{"start":{"line":95,"column":52},"end":{"line":95,"column":61}},"44":{"start":{"line":97,"column":19},"end":{"line":97,"column":63}},"45":{"start":{"line":99,"column":4},"end":{"line":103,"column":null}},"46":{"start":{"line":100,"column":6},"end":{"line":103,"column":null}},"47":{"start":{"line":106,"column":32},"end":{"line":107,"column":null}},"48":{"start":{"line":109,"column":26},"end":{"line":109,"column":null}},"49":{"start":{"line":111,"column":4},"end":{"line":117,"column":null}},"50":{"start":{"line":112,"column":23},"end":{"line":112,"column":null}},"51":{"start":{"line":113,"column":6},"end":{"line":117,"column":null}},"52":{"start":{"line":114,"column":8},"end":{"line":117,"column":null}},"53":{"start":{"line":115,"column":28},"end":{"line":115,"column":55}},"54":{"start":{"line":116,"column":10},"end":{"line":116,"column":null}},"55":{"start":{"line":123,"column":4},"end":{"line":130,"column":null}},"56":{"start":{"line":132,"column":4},"end":{"line":136,"column":null}},"57":{"start":{"line":133,"column":6},"end":{"line":136,"column":null}},"58":{"start":{"line":138,"column":4},"end":{"line":138,"column":null}},"59":{"start":{"line":139,"column":4},"end":{"line":142,"column":null}}},"fnMap":{"0":{"name":"findNotSureOption","decl":{"start":{"line":13,"column":9},"end":{"line":13,"column":27}},"loc":{"start":{"line":13,"column":62},"end":{"line":16,"column":null}},"line":13},"1":{"name":"(anonymous_1)","decl":{"start":{"line":15,"column":27},"end":{"line":15,"column":33}},"loc":{"start":{"line":15,"column":39},"end":{"line":15,"column":69}},"line":15},"2":{"name":"traverseTree","decl":{"start":{"line":19,"column":9},"end":{"line":19,"column":null}},"loc":{"start":{"line":23,"column":32},"end":{"line":76,"column":null}},"line":23},"3":{"name":"(anonymous_3)","decl":{"start":{"line":55,"column":33},"end":{"line":55,"column":null}},"loc":{"start":{"line":56,"column":13},"end":{"line":56,"column":73}},"line":56},"4":{"name":"POST","decl":{"start":{"line":79,"column":22},"end":{"line":79,"column":27}},"loc":{"start":{"line":79,"column":49},"end":{"line":142,"column":null}},"line":79},"5":{"name":"(anonymous_5)","decl":{"start":{"line":95,"column":41},"end":{"line":95,"column":46}},"loc":{"start":{"line":95,"column":52},"end":{"line":95,"column":61}},"line":95}},"branchMap":{"0":{"loc":{"start":{"line":14,"column":2},"end":{"line":14,"column":null}},"type":"if","locations":[{"start":{"line":14,"column":2},"end":{"line":14,"column":null}},{"start":{},"end":{}}],"line":14},"1":{"loc":{"start":{"line":16,"column":9},"end":{"line":16,"column":null}},"type":"binary-expr","locations":[{"start":{"line":16,"column":9},"end":{"line":16,"column":22}},{"start":{"line":16,"column":22},"end":{"line":16,"column":null}}],"line":16},"2":{"loc":{"start":{"line":29,"column":4},"end":{"line":30,"column":null}},"type":"if","locations":[{"start":{"line":29,"column":4},"end":{"line":30,"column":null}},{"start":{},"end":{}}],"line":29},"3":{"loc":{"start":{"line":33,"column":4},"end":{"line":34,"column":null}},"type":"if","locations":[{"start":{"line":33,"column":4},"end":{"line":34,"column":null}},{"start":{},"end":{}}],"line":33},"4":{"loc":{"start":{"line":37,"column":4},"end":{"line":38,"column":null}},"type":"if","locations":[{"start":{"line":37,"column":4},"end":{"line":38,"column":null}},{"start":{},"end":{}}],"line":37},"5":{"loc":{"start":{"line":37,"column":8},"end":{"line":37,"column":52}},"type":"binary-expr","locations":[{"start":{"line":37,"column":8},"end":{"line":37,"column":25}},{"start":{"line":37,"column":25},"end":{"line":37,"column":52}}],"line":37},"6":{"loc":{"start":{"line":43,"column":4},"end":{"line":52,"column":null}},"type":"if","locations":[{"start":{"line":43,"column":4},"end":{"line":52,"column":null}},{"start":{},"end":{}}],"line":43},"7":{"loc":{"start":{"line":46,"column":6},"end":{"line":49,"column":null}},"type":"if","locations":[{"start":{"line":46,"column":6},"end":{"line":49,"column":null}},{"start":{},"end":{}}],"line":46},"8":{"loc":{"start":{"line":59,"column":4},"end":{"line":68,"column":null}},"type":"if","locations":[{"start":{"line":59,"column":4},"end":{"line":68,"column":null}},{"start":{},"end":{}}],"line":59},"9":{"loc":{"start":{"line":62,"column":6},"end":{"line":65,"column":null}},"type":"if","locations":[{"start":{"line":62,"column":6},"end":{"line":65,"column":null}},{"start":{},"end":{}}],"line":62},"10":{"loc":{"start":{"line":82,"column":44},"end":{"line":82,"column":63}},"type":"binary-expr","locations":[{"start":{"line":82,"column":44},"end":{"line":82,"column":61}},{"start":{"line":82,"column":61},"end":{"line":82,"column":63}}],"line":82},"11":{"loc":{"start":{"line":84,"column":4},"end":{"line":88,"column":null}},"type":"if","locations":[{"start":{"line":84,"column":4},"end":{"line":88,"column":null}},{"start":{},"end":{}}],"line":84},"12":{"loc":{"start":{"line":99,"column":4},"end":{"line":103,"column":null}},"type":"if","locations":[{"start":{"line":99,"column":4},"end":{"line":103,"column":null}},{"start":{},"end":{}}],"line":99},"13":{"loc":{"start":{"line":107,"column":6},"end":{"line":107,"column":null}},"type":"binary-expr","locations":[{"start":{"line":107,"column":6},"end":{"line":107,"column":42}},{"start":{"line":107,"column":42},"end":{"line":107,"column":null}}],"line":107},"14":{"loc":{"start":{"line":111,"column":4},"end":{"line":117,"column":null}},"type":"if","locations":[{"start":{"line":111,"column":4},"end":{"line":117,"column":null}},{"start":{},"end":{}}],"line":111},"15":{"loc":{"start":{"line":112,"column":23},"end":{"line":112,"column":null}},"type":"binary-expr","locations":[{"start":{"line":112,"column":23},"end":{"line":112,"column":45}},{"start":{"line":112,"column":45},"end":{"line":112,"column":74}},{"start":{"line":112,"column":74},"end":{"line":112,"column":null}}],"line":112},"16":{"loc":{"start":{"line":113,"column":6},"end":{"line":117,"column":null}},"type":"if","locations":[{"start":{"line":113,"column":6},"end":{"line":117,"column":null}},{"start":{},"end":{}}],"line":113},"17":{"loc":{"start":{"line":127,"column":12},"end":{"line":127,"column":null}},"type":"cond-expr","locations":[{"start":{"line":127,"column":28},"end":{"line":127,"column":52}},{"start":{"line":127,"column":55},"end":{"line":127,"column":null}}],"line":127},"18":{"loc":{"start":{"line":132,"column":4},"end":{"line":136,"column":null}},"type":"if","locations":[{"start":{"line":132,"column":4},"end":{"line":136,"column":null}},{"start":{},"end":{}}],"line":132}},"s":{"0":1,"1":3,"2":0,"3":3,"4":6,"5":3,"6":19,"7":19,"8":19,"9":19,"10":59,"11":59,"12":1,"13":58,"14":16,"15":42,"16":0,"17":42,"18":42,"19":1,"20":1,"21":1,"22":0,"23":0,"24":41,"25":100,"26":41,"27":2,"28":2,"29":1,"30":1,"31":1,"32":39,"33":40,"34":23,"35":23,"36":22,"37":23,"38":2,"39":20,"40":20,"41":19,"42":19,"43":341,"44":19,"45":19,"46":3,"47":16,"48":23,"49":23,"50":3,"51":3,"52":3,"53":3,"54":2,"55":14,"56":2,"57":1,"58":1,"59":1},"f":{"0":3,"1":6,"2":19,"3":100,"4":23,"5":341},"b":{"0":[0,3],"1":[3,2],"2":[1,58],"3":[16,42],"4":[0,42],"5":[42,42],"6":[1,41],"7":[1,0],"8":[2,39],"9":[1,1],"10":[22,1],"11":[2,21],"12":[3,16],"13":[16,9],"14":[3,20],"15":[3,0,0],"16":[3,0],"17":[1,13],"18":[1,1]},"meta":{"lastBranch":19,"lastFunction":6,"lastStatement":60,"seen":{"s:11:25:11:Infinity":0,"f:13:9:13:27":0,"b:14:2:14:Infinity:undefined:undefined:undefined:undefined":0,"s:14:2:14:Infinity":1,"s:14:21:14:Infinity":2,"s:15:14:15:70":3,"f:15:27:15:33":1,"s:15:39:15:69":4,"s:16:2:16:Infinity":5,"b:16:9:16:22:16:22:16:Infinity":1,"f:19:9:19:Infinity":2,"s:24:20:24:Infinity":6,"s:25:18:25:Infinity":7,"s:27:2:71:Infinity":8,"s:27:19:27:22":9,"s:28:17:28:37":10,"b:29:4:30:Infinity:undefined:undefined:undefined:undefined":2,"s:29:4:30:Infinity":11,"s:30:6:30:Infinity":12,"b:33:4:34:Infinity:undefined:undefined:undefined:undefined":3,"s:33:4:34:Infinity":13,"s:34:6:34:Infinity":14,"b:37:4:38:Infinity:undefined:undefined:undefined:undefined":4,"s:37:4:38:Infinity":15,"b:37:8:37:25:37:25:37:52":5,"s:38:6:38:Infinity":16,"s:41:19:41:Infinity":17,"b:43:4:52:Infinity:undefined:undefined:undefined:undefined":6,"s:43:4:52:Infinity":18,"s:45:23:45:46":19,"b:46:6:49:Infinity:undefined:undefined:undefined:undefined":7,"s:46:6:49:Infinity":20,"s:47:8:49:Infinity":21,"s:51:6:51:Infinity":22,"s:52:6:52:Infinity":23,"s:55:20:56:Infinity":24,"f:55:33:55:Infinity":3,"s:56:13:56:73":25,"b:59:4:68:Infinity:undefined:undefined:undefined:undefined":8,"s:59:4:68:Infinity":26,"s:61:23:61:46":27,"b:62:6:65:Infinity:undefined:undefined:undefined:undefined":9,"s:62:6:65:Infinity":28,"s:63:8:65:Infinity":29,"s:67:6:67:Infinity":30,"s:68:6:68:Infinity":31,"s:71:4:71:Infinity":32,"s:74:2:76:Infinity":33,"f:79:22:79:27":4,"s:80:2:142:Infinity":34,"s:81:17:81:37":35,"s:82:44:82:63":36,"b:82:44:82:61:82:61:82:63":10,"b:84:4:88:Infinity:undefined:undefined:undefined:undefined":11,"s:84:4:88:Infinity":37,"s:85:6:88:Infinity":38,"s:91:23:91:76":39,"s:92:16:92:51":40,"s:93:19:93:61":41,"s:95:20:95:63":42,"f:95:41:95:46":5,"s:95:52:95:61":43,"s:97:19:97:63":44,"b:99:4:103:Infinity:undefined:undefined:undefined:undefined":12,"s:99:4:103:Infinity":45,"s:100:6:103:Infinity":46,"s:106:32:107:Infinity":47,"b:107:6:107:42:107:42:107:Infinity":13,"s:109:26:109:Infinity":48,"b:111:4:117:Infinity:undefined:undefined:undefined:undefined":14,"s:111:4:117:Infinity":49,"s:112:23:112:Infinity":50,"b:112:23:112:45:112:45:112:74:112:74:112:Infinity":15,"b:113:6:117:Infinity:undefined:undefined:undefined:undefined":16,"s:113:6:117:Infinity":51,"s:114:8:117:Infinity":52,"s:115:28:115:55":53,"s:116:10:116:Infinity":54,"s:123:4:130:Infinity":55,"b:127:28:127:52:127:55:127:Infinity":17,"b:132:4:136:Infinity:undefined:undefined:undefined:undefined":18,"s:132:4:136:Infinity":56,"s:133:6:136:Infinity":57,"s:138:4:138:Infinity":58,"s:139:4:142:Infinity":59}}}
,"/Users/Lewis/code/personal/auto-leverage/app/api/output/route.ts": {"path":"/Users/Lewis/code/personal/auto-leverage/app/api/output/route.ts","statementMap":{"0":{"start":{"line":7,"column":2},"end":{"line":13,"column":null}},"1":{"start":{"line":8,"column":4},"end":{"line":8,"column":null}},"2":{"start":{"line":10,"column":4},"end":{"line":13,"column":null}},"3":{"start":{"line":16,"column":2},"end":{"line":26,"column":null}},"4":{"start":{"line":23,"column":4},"end":{"line":26,"column":null}},"5":{"start":{"line":29,"column":25},"end":{"line":29,"column":null}},"6":{"start":{"line":31,"column":8},"end":{"line":31,"column":42}},"7":{"start":{"line":33,"column":2},"end":{"line":37,"column":null}},"8":{"start":{"line":34,"column":4},"end":{"line":37,"column":null}},"9":{"start":{"line":40,"column":2},"end":{"line":40,"column":null}}},"fnMap":{"0":{"name":"POST","decl":{"start":{"line":4,"column":22},"end":{"line":4,"column":27}},"loc":{"start":{"line":4,"column":45},"end":{"line":40,"column":null}},"line":4}},"branchMap":{"0":{"loc":{"start":{"line":16,"column":2},"end":{"line":26,"column":null}},"type":"if","locations":[{"start":{"line":16,"column":2},"end":{"line":26,"column":null}},{"start":{},"end":{}}],"line":16},"1":{"loc":{"start":{"line":17,"column":4},"end":{"line":21,"column":null}},"type":"binary-expr","locations":[{"start":{"line":17,"column":4},"end":{"line":17,"column":null}},{"start":{"line":18,"column":4},"end":{"line":18,"column":null}},{"start":{"line":19,"column":4},"end":{"line":19,"column":null}},{"start":{"line":20,"column":4},"end":{"line":20,"column":64}},{"start":{"line":21,"column":5},"end":{"line":21,"column":null}}],"line":17},"2":{"loc":{"start":{"line":33,"column":2},"end":{"line":37,"column":null}},"type":"if","locations":[{"start":{"line":33,"column":2},"end":{"line":37,"column":null}},{"start":{},"end":{}}],"line":33}},"s":{"0":23,"1":23,"2":1,"3":22,"4":4,"5":18,"6":18,"7":18,"8":2,"9":16},"f":{"0":23},"b":{"0":[4,18],"1":[22,21,21,20,19],"2":[2,16]},"meta":{"lastBranch":3,"lastFunction":1,"lastStatement":10,"seen":{"f:4:22:4:27":0,"s:7:2:13:Infinity":0,"s:8:4:8:Infinity":1,"s:10:4:13:Infinity":2,"b:16:2:26:Infinity:undefined:undefined:undefined:undefined":0,"s:16:2:26:Infinity":3,"b:17:4:17:Infinity:18:4:18:Infinity:19:4:19:Infinity:20:4:20:64:21:5:21:Infinity":1,"s:23:4:26:Infinity":4,"s:29:25:29:Infinity":5,"s:31:8:31:42":6,"b:33:2:37:Infinity:undefined:undefined:undefined:undefined":2,"s:33:2:37:Infinity":7,"s:34:4:37:Infinity":8,"s:40:2:40:Infinity":9}}}
,"/Users/Lewis/code/personal/auto-leverage/lib/output-templates.ts": {"path":"/Users/Lewis/code/personal/auto-leverage/lib/output-templates.ts","statementMap":{"0":{"start":{"line":7,"column":23},"end":{"line":7,"column":null}},"1":{"start":{"line":22,"column":21},"end":{"line":22,"column":null}},"2":{"start":{"line":39,"column":23},"end":{"line":39,"column":null}},"3":{"start":{"line":56,"column":64},"end":{"line":177,"column":null}},"4":{"start":{"line":180,"column":14},"end":{"line":180,"column":46}},"5":{"start":{"line":182,"column":2},"end":{"line":183,"column":null}},"6":{"start":{"line":183,"column":4},"end":{"line":183,"column":null}},"7":{"start":{"line":185,"column":2},"end":{"line":185,"column":null}}},"fnMap":{"0":{"name":"getTemplate","decl":{"start":{"line":179,"column":16},"end":{"line":179,"column":28}},"loc":{"start":{"line":179,"column":73},"end":{"line":185,"column":null}},"line":179}},"branchMap":{"0":{"loc":{"start":{"line":182,"column":2},"end":{"line":183,"column":null}},"type":"if","locations":[{"start":{"line":182,"column":2},"end":{"line":183,"column":null}},{"start":{},"end":{}}],"line":182},"1":{"loc":{"start":{"line":185,"column":9},"end":{"line":185,"column":null}},"type":"binary-expr","locations":[{"start":{"line":185,"column":9},"end":{"line":185,"column":34}},{"start":{"line":185,"column":34},"end":{"line":185,"column":null}}],"line":185}},"s":{"0":2,"1":2,"2":2,"3":2,"4":34,"5":34,"6":6,"7":28},"f":{"0":34},"b":{"0":[6,28],"1":[28,6]},"meta":{"lastBranch":2,"lastFunction":1,"lastStatement":8,"seen":{"s:7:23:7:Infinity":0,"s:22:21:22:Infinity":1,"s:39:23:39:Infinity":2,"s:56:64:177:Infinity":3,"f:179:16:179:28":0,"s:180:14:180:46":4,"b:182:2:183:Infinity:undefined:undefined:undefined:undefined":0,"s:182:2:183:Infinity":5,"s:183:4:183:Infinity":6,"s:185:2:185:Infinity":7,"b:185:9:185:34:185:34:185:Infinity":1}}}
,"/Users/Lewis/code/personal/auto-leverage/lib/questionnaire-schema.ts": {"path":"/Users/Lewis/code/personal/auto-leverage/lib/questionnaire-schema.ts","statementMap":{"0":{"start":{"line":3,"column":29},"end":{"line":3,"column":68}},"1":{"start":{"line":5,"column":28},"end":{"line":9,"column":2}},"2":{"start":{"line":11,"column":30},"end":{"line":14,"column":2}},"3":{"start":{"line":16,"column":34},"end":{"line":22,"column":2}},"4":{"start":{"line":24,"column":35},"end":{"line":28,"column":2}}},"fnMap":{},"branchMap":{},"s":{"0":1,"1":1,"2":1,"3":1,"4":1},"f":{},"b":{},"meta":{"lastBranch":0,"lastFunction":0,"lastStatement":5,"seen":{"s:3:29:3:68":0,"s:5:28:9:2":1,"s:11:30:14:2":2,"s:16:34:22:2":3,"s:24:35:28:2":4}}}
}
